<?xml version="1.0" encoding="UTF-8"?>
<!-- Generated by org.testng.reporters.JUnitReportReporter -->
<testsuite skipped="0" hostname="DESKTOP-VB9HTQL" name="test.SmokeTest" tests="1" failures="0" timestamp="14 апр 2020 08:03:24 GMT" time="35.227" errors="0">
  <testcase name="compareEstimatedCostAndCostFromManualTest" time="35.227" classname="test.SmokeTest"/>
</testsuite> <!-- test.SmokeTest -->
