<?xml version="1.0" encoding="UTF-8"?>
<!-- Generated by org.testng.reporters.JUnitReportReporter -->
<testsuite skipped="0" hostname="DESKTOP-VB9HTQL" name="test.MainTest" tests="1" failures="0" timestamp="31 мар 2020 09:33:38 GMT" time="53.547" errors="0">
  <testcase name="compareCostsFromDifferentSources" time="53.547" classname="test.MainTest"/>
</testsuite> <!-- test.MainTest -->
