<?xml version="1.0" encoding="UTF-8"?>
<!-- Generated by org.testng.reporters.JUnitReportReporter -->
<testsuite skipped="0" hostname="DESKTOP-VB9HTQL" name="test.SmokeTest" tests="1" failures="0" timestamp="29 мар 2020 18:18:24 GMT" time="41.752" errors="0">
  <testcase name="compareEstimatedCostAndCostFromManualTest" time="41.752" classname="test.SmokeTest"/>
</testsuite> <!-- test.SmokeTest -->
