<?xml version="1.0" encoding="UTF-8"?>
<!-- Generated by org.testng.reporters.JUnitReportReporter -->
<testsuite skipped="0" hostname="DESKTOP-VB9HTQL" name="test.MainTest" tests="1" failures="0" timestamp="14 апр 2020 08:20:07 GMT" time="53.903" errors="0">
  <testcase name="compareCostsFromDifferentSources" time="53.903" classname="test.MainTest"/>
</testsuite> <!-- test.MainTest -->
