<?xml version="1.0" encoding="UTF-8"?>
<!-- Generated by org.testng.reporters.JUnitReportReporter -->
<testsuite skipped="0" hostname="DESKTOP-VB9HTQL" name="test.MainTest" tests="1" failures="0" timestamp="29 мар 2020 11:00:45 GMT" time="54.355" errors="0">
  <testcase name="compareCostsFromDifferentSources" time="54.355" classname="test.MainTest"/>
</testsuite> <!-- test.MainTest -->
