<?xml version="1.0" encoding="UTF-8"?>
<!-- Generated by org.testng.reporters.JUnitReportReporter -->
<testsuite skipped="0" hostname="DESKTOP-VB9HTQL" name="test.SmokeTest" tests="1" failures="0" timestamp="29 мар 2020 19:27:00 GMT" time="42.381" errors="0">
  <testcase name="compareEstimatedCostAndCostFromManualTest" time="42.381" classname="test.SmokeTest"/>
</testsuite> <!-- test.SmokeTest -->
