<?xml version="1.0" encoding="UTF-8"?>
<!-- Generated by org.testng.reporters.JUnitReportReporter -->
<testsuite skipped="0" hostname="DESKTOP-VB9HTQL" name="test.MainTest" tests="1" failures="0" timestamp="29 мар 2020 19:27:00 GMT" time="51.638" errors="0">
  <testcase name="compareCostsFromDifferentSources" time="51.638" classname="test.MainTest"/>
</testsuite> <!-- test.MainTest -->
