<?xml version="1.0" encoding="UTF-8"?>
<!-- Generated by org.testng.reporters.JUnitReportReporter -->
<testsuite skipped="0" hostname="DESKTOP-VB9HTQL" name="test.SmokeTest" tests="1" failures="0" timestamp="18 апр 2020 05:29:22 GMT" time="36.865" errors="0">
  <testcase name="compareEstimatedCostAndCostFromManualTest" time="36.865" classname="test.SmokeTest"/>
</testsuite> <!-- test.SmokeTest -->
