<?xml version="1.0" encoding="UTF-8"?>
<!-- Generated by org.testng.reporters.JUnitReportReporter -->
<testsuite skipped="0" hostname="DESKTOP-VB9HTQL" name="test.SmokeTest" tests="1" failures="0" timestamp="31 мар 2020 08:23:43 GMT" time="35.255" errors="0">
  <testcase name="compareEstimatedCostAndCostFromManualTest" time="35.255" classname="test.SmokeTest"/>
</testsuite> <!-- test.SmokeTest -->
