<?xml version="1.0" encoding="UTF-8"?>
<!-- Generated by org.testng.reporters.JUnitReportReporter -->
<testsuite skipped="0" hostname="DESKTOP-VB9HTQL" name="test.SmokeTest" tests="1" failures="0" timestamp="30 мар 2020 08:59:16 GMT" time="34.045" errors="0">
  <testcase name="compareEstimatedCostAndCostFromManualTest" time="34.045" classname="test.SmokeTest"/>
</testsuite> <!-- test.SmokeTest -->
