<?xml version="1.0" encoding="UTF-8"?>
<!-- Generated by org.testng.reporters.JUnitReportReporter -->
<testsuite skipped="0" hostname="DESKTOP-VB9HTQL" name="test.MainTest" tests="1" failures="0" timestamp="18 апр 2020 05:29:22 GMT" time="66.533" errors="0">
  <testcase name="compareCostsFromDifferentSources" time="66.533" classname="test.MainTest"/>
</testsuite> <!-- test.MainTest -->
