<?xml version="1.0" encoding="UTF-8"?>
<!-- Generated by org.testng.reporters.JUnitReportReporter -->
<testsuite skipped="0" hostname="DESKTOP-VB9HTQL" name="test.MainTest" tests="1" failures="0" timestamp="30 мар 2020 08:59:16 GMT" time="55.849" errors="0">
  <testcase name="compareCostsFromDifferentSources" time="55.849" classname="test.MainTest"/>
</testsuite> <!-- test.MainTest -->
